[backblue.gif]
[fade.gif]
[index.html]
[saturn.picoctf.net_52044/images/loading.gif]
[saturn.picoctf.net_52044/images/mail_icon.png]
[saturn.picoctf.net_52044/images/logo.png]
[saturn.picoctf.net_52044/images/phone_icon.png]
[saturn.picoctf.net_52044/images/banner.jpg]
[saturn.picoctf.net_52044/images/1.png]
[saturn.picoctf.net_52044/images/2.png]
[saturn.picoctf.net_52044/images/3.png]
[saturn.picoctf.net_52044/js/jquery.min.js]
[saturn.picoctf.net_52044/js/popper.min.js]
[saturn.picoctf.net_52044/js/bootstrap.bundle.min.js]
[saturn.picoctf.net_52044/js/owl.carousel.min.js]
[saturn.picoctf.net_52044/js/custom.js]
[saturn.picoctf.net_52044/js/jquery.mCustomScrollbar.concat.min.js]
[saturn.picoctf.net_52044/js/jquery-3.0.0.min.js]
[saturn.picoctf.net_52044/index.html]
[saturn.picoctf.net_52044/css/bootstrap.min.css]
[saturn.picoctf.net_52044/css/owl.carousel.min.css]
[saturn.picoctf.net_52044/css/style.css]
[saturn.picoctf.net_52044/css/responsive.css]
[saturn.picoctf.net_52044/index-2.html]
[saturn.picoctf.net_52044/images/maps-and-flags.html]
[saturn.picoctf.net_52044/css/owl.video.play.html]
[saturn.picoctf.net_52044/images/fevicon.html]
